/home/e20284/FYP/e20-4yp-backdoor-resilient-federated-nids/src/data/loader.py:21: FutureWarning: You are using `torch.load` with `weights_only=False` (the current default value), which uses the default pickle module implicitly. It is possible to construct malicious pickle data which will execute arbitrary code during unpickling (See https://github.com/pytorch/pytorch/blob/main/SECURITY.md#untrusted-models for more details). In a future release, the default value for `weights_only` will be flipped to `True`. This limits the functions that could be executed during unpickling. Arbitrary objects will no longer be allowed to be loaded via this mode unless they are explicitly allowlisted by the user via `torch.serialization.add_safe_globals`. We recommend you start setting `weights_only=True` for any use case where you don't have full control of the loaded file. Please open an issue on GitHub for any issues related to this experimental feature.
  data = torch.load(path)
/home/e20284/FYP/e20-4yp-backdoor-resilient-federated-nids/analysis/visualize_tsne.py:75: FutureWarning: You are using `torch.load` with `weights_only=False` (the current default value), which uses the default pickle module implicitly. It is possible to construct malicious pickle data which will execute arbitrary code during unpickling (See https://github.com/pytorch/pytorch/blob/main/SECURITY.md#untrusted-models for more details). In a future release, the default value for `weights_only` will be flipped to `True`. This limits the functions that could be executed during unpickling. Arbitrary objects will no longer be allowed to be loaded via this mode unless they are explicitly allowlisted by the user via `torch.serialization.add_safe_globals`. We recommend you start setting `weights_only=True` for any use case where you don't have full control of the loaded file. Please open an issue on GitHub for any issues related to this experimental feature.
  model.load_state_dict(torch.load(MANUAL_MODEL_PATH, map_location=DEVICE))
‚öôÔ∏è  Using Overridden Model Path: results/Thesis_Experiment_2026-01-26_15-36-07/04_Attack_Krum_Collusion/model.pt
‚öôÔ∏è  Using Overridden Save Dir: results/Thesis_Experiment_2026-01-26_15-36-07/04_Attack_Krum_Collusion
üöÄ Starting t-SNE Visualization...
   üîç derived test path: data/unsw-nb15/processed/global_test.pt
üìÇ Loading data from data/unsw-nb15/processed/global_test.pt...
   Classification mode: binary
   ‚úì Converted to binary: Normal=0, Attack=1
üìÇ Loading data from data/unsw-nb15/processed/train_pool.pt...
   Classification mode: binary
   ‚úì Converted to binary: Normal=0, Attack=1
üß† Running t-SNE...
Traceback (most recent call last):
  File "/home/e20284/miniconda3/envs/fl-nids/lib/python3.10/site-packages/PIL/ImageFile.py", line 648, in _save
    fh = fp.fileno()
AttributeError: '_idat' object has no attribute 'fileno'

During handling of the above exception, another exception occurred:

Traceback (most recent call last):
  File "/home/e20284/miniconda3/envs/fl-nids/lib/python3.10/site-packages/PIL/Image.py", line 2571, in save
    save_handler(self, fp, filename)
  File "/home/e20284/miniconda3/envs/fl-nids/lib/python3.10/site-packages/PIL/PngImagePlugin.py", line 1497, in _save
    ImageFile._save(
  File "/home/e20284/miniconda3/envs/fl-nids/lib/python3.10/site-packages/PIL/ImageFile.py", line 652, in _save
    _encode_tile(im, fp, tile, bufsize, None, exc)
  File "/home/e20284/miniconda3/envs/fl-nids/lib/python3.10/site-packages/PIL/ImageFile.py", line 679, in _encode_tile
    fp.write(data)
  File "/home/e20284/miniconda3/envs/fl-nids/lib/python3.10/site-packages/PIL/PngImagePlugin.py", line 1139, in write
    self.chunk(self.fp, b"IDAT", data)
  File "/home/e20284/miniconda3/envs/fl-nids/lib/python3.10/site-packages/PIL/PngImagePlugin.py", line 1126, in putchunk
    fp.write(byte_data)
OSError: [Errno 28] No space left on device

During handling of the above exception, another exception occurred:

Traceback (most recent call last):
  File "/home/e20284/FYP/e20-4yp-backdoor-resilient-federated-nids/analysis/vi